[0.015s] Invoking command in '/home/cinek/forklift_bot_description/build/forklift_bot_description': CMAKE_PREFIX_PATH=${CMAKE_PREFIX_PATH}:/opt/ros/jazzy /usr/bin/cmake /home/cinek/forklift_bot_description -DCMAKE_INSTALL_PREFIX=/home/cinek/forklift_bot_description/install/forklift_bot_description
[0.067s] -- Found ament_cmake: 2.5.3 (/opt/ros/jazzy/share/ament_cmake/cmake)
[0.321s] -- Override CMake install command with custom implementation using symlinks instead of copying resources
[0.338s] -- Found ament_lint_auto: 0.17.2 (/opt/ros/jazzy/share/ament_lint_auto/cmake)
[0.463s] -- Added test 'cppcheck' to perform static code analysis on C / C++ code
[0.463s] -- Configured cppcheck include dirs: 
[0.463s] -- Configured cppcheck exclude dirs and/or files: 
[0.465s] -- Added test 'flake8' to check Python code syntax and style conventions
[0.465s] -- Configured 'flake8' exclude dirs and/or files: 
[0.468s] -- Added test 'lint_cmake' to check CMake code style
[0.469s] -- Added test 'pep257' to check Python code against some of the docstring style conventions in PEP 257
[0.475s] -- Added test 'uncrustify' to check C / C++ code style
[0.475s] -- Configured uncrustify additional arguments: 
[0.477s] -- Added test 'xmllint' to check XML markup files
[0.480s] -- Configuring done (0.4s)
[0.486s] -- Generating done (0.0s)
[0.487s] -- Build files have been written to: /home/cinek/forklift_bot_description/build/forklift_bot_description
[0.492s] Invoked command in '/home/cinek/forklift_bot_description/build/forklift_bot_description' returned '0': CMAKE_PREFIX_PATH=${CMAKE_PREFIX_PATH}:/opt/ros/jazzy /usr/bin/cmake /home/cinek/forklift_bot_description -DCMAKE_INSTALL_PREFIX=/home/cinek/forklift_bot_description/install/forklift_bot_description
[0.493s] Invoking command in '/home/cinek/forklift_bot_description/build/forklift_bot_description': CMAKE_PREFIX_PATH=${CMAKE_PREFIX_PATH}:/opt/ros/jazzy /usr/bin/cmake --build /home/cinek/forklift_bot_description/build/forklift_bot_description -- -j16 -l16
[0.523s] Invoked command in '/home/cinek/forklift_bot_description/build/forklift_bot_description' returned '0': CMAKE_PREFIX_PATH=${CMAKE_PREFIX_PATH}:/opt/ros/jazzy /usr/bin/cmake --build /home/cinek/forklift_bot_description/build/forklift_bot_description -- -j16 -l16
[0.530s] Invoking command in '/home/cinek/forklift_bot_description/build/forklift_bot_description': CMAKE_PREFIX_PATH=${CMAKE_PREFIX_PATH}:/opt/ros/jazzy /usr/bin/cmake --install /home/cinek/forklift_bot_description/build/forklift_bot_description
[0.536s] -- Install configuration: ""
[0.536s] -- Execute custom install script
[0.537s] -- Up-to-date symlink: /home/cinek/forklift_bot_description/install/forklift_bot_description/share/forklift_bot_description/include/forklift_bot_description/forklift.sdf
[0.537s] -- Up-to-date symlink: /home/cinek/forklift_bot_description/install/forklift_bot_description/share/forklift_bot_description/include/forklift_bot_description/forklift.urdf
[0.537s] -- Up-to-date symlink: /home/cinek/forklift_bot_description/install/forklift_bot_description/share/forklift_bot_description/launch/display.launch.py
[0.537s] -- Symlinking: /home/cinek/forklift_bot_description/install/forklift_bot_description/share/forklift_bot_description/launch/display.launch.py:Zone.Identifier
[0.543s] -- Up-to-date symlink: /home/cinek/forklift_bot_description/install/forklift_bot_description/share/forklift_bot_description/rviz/forklift.rviz
[0.543s] -- Symlinking: /home/cinek/forklift_bot_description/install/forklift_bot_description/share/forklift_bot_description/world/forklift_world.sdf
[0.549s] -- Symlinking: /home/cinek/forklift_bot_description/install/forklift_bot_description/share/forklift_bot_description/world/my_world.sdf:Zone.Identifier
[0.555s] -- Up-to-date symlink: /home/cinek/forklift_bot_description/install/forklift_bot_description/share/ament_index/resource_index/package_run_dependencies/forklift_bot_description
[0.555s] -- Up-to-date symlink: /home/cinek/forklift_bot_description/install/forklift_bot_description/share/ament_index/resource_index/parent_prefix_path/forklift_bot_description
[0.555s] -- Up-to-date symlink: /home/cinek/forklift_bot_description/install/forklift_bot_description/share/forklift_bot_description/environment/ament_prefix_path.sh
[0.555s] -- Up-to-date symlink: /home/cinek/forklift_bot_description/install/forklift_bot_description/share/forklift_bot_description/environment/ament_prefix_path.dsv
[0.555s] -- Up-to-date symlink: /home/cinek/forklift_bot_description/install/forklift_bot_description/share/forklift_bot_description/environment/path.sh
[0.556s] -- Up-to-date symlink: /home/cinek/forklift_bot_description/install/forklift_bot_description/share/forklift_bot_description/environment/path.dsv
[0.556s] -- Up-to-date symlink: /home/cinek/forklift_bot_description/install/forklift_bot_description/share/forklift_bot_description/local_setup.bash
[0.556s] -- Up-to-date symlink: /home/cinek/forklift_bot_description/install/forklift_bot_description/share/forklift_bot_description/local_setup.sh
[0.556s] -- Up-to-date symlink: /home/cinek/forklift_bot_description/install/forklift_bot_description/share/forklift_bot_description/local_setup.zsh
[0.556s] -- Up-to-date symlink: /home/cinek/forklift_bot_description/install/forklift_bot_description/share/forklift_bot_description/local_setup.dsv
[0.556s] -- Symlinking: /home/cinek/forklift_bot_description/install/forklift_bot_description/share/forklift_bot_description/package.dsv
[0.562s] -- Up-to-date symlink: /home/cinek/forklift_bot_description/install/forklift_bot_description/share/ament_index/resource_index/packages/forklift_bot_description
[0.562s] -- Up-to-date symlink: /home/cinek/forklift_bot_description/install/forklift_bot_description/share/forklift_bot_description/cmake/forklift_bot_descriptionConfig.cmake
[0.562s] -- Up-to-date symlink: /home/cinek/forklift_bot_description/install/forklift_bot_description/share/forklift_bot_description/cmake/forklift_bot_descriptionConfig-version.cmake
[0.562s] -- Up-to-date symlink: /home/cinek/forklift_bot_description/install/forklift_bot_description/share/forklift_bot_description/package.xml
[0.564s] Invoked command in '/home/cinek/forklift_bot_description/build/forklift_bot_description' returned '0': CMAKE_PREFIX_PATH=${CMAKE_PREFIX_PATH}:/opt/ros/jazzy /usr/bin/cmake --install /home/cinek/forklift_bot_description/build/forklift_bot_description
