-- Install configuration: ""
-- Up-to-date: /home/cinek/forklift_bot_description/install/forklift_bot_description/share/forklift_bot_description/src
-- Up-to-date: /home/cinek/forklift_bot_description/install/forklift_bot_description/share/forklift_bot_description/include
-- Up-to-date: /home/cinek/forklift_bot_description/install/forklift_bot_description/share/forklift_bot_description/include/forklift_bot_description
-- Installing: /home/cinek/forklift_bot_description/install/forklift_bot_description/share/forklift_bot_description/include/forklift_bot_description/forklift.urdf
-- Up-to-date: /home/cinek/forklift_bot_description/install/forklift_bot_description/share/forklift_bot_description/launch
-- Up-to-date: /home/cinek/forklift_bot_description/install/forklift_bot_description/share/forklift_bot_description/launch/display.launch.py
-- Up-to-date: /home/cinek/forklift_bot_description/install/forklift_bot_description/share/forklift_bot_description/rviz
-- Up-to-date: /home/cinek/forklift_bot_description/install/forklift_bot_description/share/forklift_bot_description/rviz/forklift.rviz
-- Up-to-date: /home/cinek/forklift_bot_description/install/forklift_bot_description/share/ament_index/resource_index/package_run_dependencies/forklift_bot_description
-- Up-to-date: /home/cinek/forklift_bot_description/install/forklift_bot_description/share/ament_index/resource_index/parent_prefix_path/forklift_bot_description
-- Up-to-date: /home/cinek/forklift_bot_description/install/forklift_bot_description/share/forklift_bot_description/environment/ament_prefix_path.sh
-- Up-to-date: /home/cinek/forklift_bot_description/install/forklift_bot_description/share/forklift_bot_description/environment/ament_prefix_path.dsv
-- Up-to-date: /home/cinek/forklift_bot_description/install/forklift_bot_description/share/forklift_bot_description/environment/path.sh
-- Up-to-date: /home/cinek/forklift_bot_description/install/forklift_bot_description/share/forklift_bot_description/environment/path.dsv
-- Up-to-date: /home/cinek/forklift_bot_description/install/forklift_bot_description/share/forklift_bot_description/local_setup.bash
-- Up-to-date: /home/cinek/forklift_bot_description/install/forklift_bot_description/share/forklift_bot_description/local_setup.sh
-- Up-to-date: /home/cinek/forklift_bot_description/install/forklift_bot_description/share/forklift_bot_description/local_setup.zsh
-- Up-to-date: /home/cinek/forklift_bot_description/install/forklift_bot_description/share/forklift_bot_description/local_setup.dsv
-- Installing: /home/cinek/forklift_bot_description/install/forklift_bot_description/share/forklift_bot_description/package.dsv
-- Up-to-date: /home/cinek/forklift_bot_description/install/forklift_bot_description/share/ament_index/resource_index/packages/forklift_bot_description
-- Up-to-date: /home/cinek/forklift_bot_description/install/forklift_bot_description/share/forklift_bot_description/cmake/forklift_bot_descriptionConfig.cmake
-- Up-to-date: /home/cinek/forklift_bot_description/install/forklift_bot_description/share/forklift_bot_description/cmake/forklift_bot_descriptionConfig-version.cmake
-- Up-to-date: /home/cinek/forklift_bot_description/install/forklift_bot_description/share/forklift_bot_description/package.xml
