[0.014s] Invoking command in '/home/cinek/forklift_bot_description/build/forklift_bot_description': CMAKE_PREFIX_PATH=${CMAKE_PREFIX_PATH}:/opt/ros/jazzy /usr/bin/cmake --build /home/cinek/forklift_bot_description/build/forklift_bot_description -- -j16 -l16
[0.047s] Invoked command in '/home/cinek/forklift_bot_description/build/forklift_bot_description' returned '0': CMAKE_PREFIX_PATH=${CMAKE_PREFIX_PATH}:/opt/ros/jazzy /usr/bin/cmake --build /home/cinek/forklift_bot_description/build/forklift_bot_description -- -j16 -l16
[0.054s] Invoking command in '/home/cinek/forklift_bot_description/build/forklift_bot_description': CMAKE_PREFIX_PATH=${CMAKE_PREFIX_PATH}:/opt/ros/jazzy /usr/bin/cmake --install /home/cinek/forklift_bot_description/build/forklift_bot_description
[0.060s] -- Install configuration: ""
[0.060s] -- Execute custom install script
[0.061s] -- Up-to-date symlink: /home/cinek/forklift_bot_description/install/forklift_bot_description/share/forklift_bot_description/include/forklift_bot_description/forklift.sdf
[0.061s] -- Up-to-date symlink: /home/cinek/forklift_bot_description/install/forklift_bot_description/share/forklift_bot_description/include/forklift_bot_description/forklift.urdf
[0.061s] -- Up-to-date symlink: /home/cinek/forklift_bot_description/install/forklift_bot_description/share/forklift_bot_description/launch/display.launch.py
[0.061s] -- Up-to-date symlink: /home/cinek/forklift_bot_description/install/forklift_bot_description/share/forklift_bot_description/launch/display.launch.py:Zone.Identifier
[0.062s] -- Up-to-date symlink: /home/cinek/forklift_bot_description/install/forklift_bot_description/share/forklift_bot_description/rviz/forklift.rviz
[0.062s] -- Up-to-date symlink: /home/cinek/forklift_bot_description/install/forklift_bot_description/share/forklift_bot_description/world/forklift_world.sdf
[0.062s] -- Up-to-date symlink: /home/cinek/forklift_bot_description/install/forklift_bot_description/share/forklift_bot_description/world/forklift_world.sdf:Zone.Identifier
[0.062s] -- Up-to-date symlink: /home/cinek/forklift_bot_description/install/forklift_bot_description/share/forklift_bot_description/world/my_world.sdf:Zone.Identifier
[0.062s] -- Up-to-date symlink: /home/cinek/forklift_bot_description/install/forklift_bot_description/share/forklift_bot_description/config/forklift_bridge_config.yaml
[0.062s] -- Up-to-date symlink: /home/cinek/forklift_bot_description/install/forklift_bot_description/share/ament_index/resource_index/package_run_dependencies/forklift_bot_description
[0.063s] -- Up-to-date symlink: /home/cinek/forklift_bot_description/install/forklift_bot_description/share/ament_index/resource_index/parent_prefix_path/forklift_bot_description
[0.063s] -- Up-to-date symlink: /home/cinek/forklift_bot_description/install/forklift_bot_description/share/forklift_bot_description/environment/ament_prefix_path.sh
[0.063s] -- Up-to-date symlink: /home/cinek/forklift_bot_description/install/forklift_bot_description/share/forklift_bot_description/environment/ament_prefix_path.dsv
[0.063s] -- Up-to-date symlink: /home/cinek/forklift_bot_description/install/forklift_bot_description/share/forklift_bot_description/environment/path.sh
[0.063s] -- Up-to-date symlink: /home/cinek/forklift_bot_description/install/forklift_bot_description/share/forklift_bot_description/environment/path.dsv
[0.063s] -- Up-to-date symlink: /home/cinek/forklift_bot_description/install/forklift_bot_description/share/forklift_bot_description/local_setup.bash
[0.063s] -- Up-to-date symlink: /home/cinek/forklift_bot_description/install/forklift_bot_description/share/forklift_bot_description/local_setup.sh
[0.063s] -- Up-to-date symlink: /home/cinek/forklift_bot_description/install/forklift_bot_description/share/forklift_bot_description/local_setup.zsh
[0.063s] -- Up-to-date symlink: /home/cinek/forklift_bot_description/install/forklift_bot_description/share/forklift_bot_description/local_setup.dsv
[0.063s] -- Symlinking: /home/cinek/forklift_bot_description/install/forklift_bot_description/share/forklift_bot_description/package.dsv
[0.071s] -- Up-to-date symlink: /home/cinek/forklift_bot_description/install/forklift_bot_description/share/ament_index/resource_index/packages/forklift_bot_description
[0.072s] -- Up-to-date symlink: /home/cinek/forklift_bot_description/install/forklift_bot_description/share/forklift_bot_description/cmake/forklift_bot_descriptionConfig.cmake
[0.072s] -- Up-to-date symlink: /home/cinek/forklift_bot_description/install/forklift_bot_description/share/forklift_bot_description/cmake/forklift_bot_descriptionConfig-version.cmake
[0.072s] -- Up-to-date symlink: /home/cinek/forklift_bot_description/install/forklift_bot_description/share/forklift_bot_description/package.xml
[0.073s] Invoked command in '/home/cinek/forklift_bot_description/build/forklift_bot_description' returned '0': CMAKE_PREFIX_PATH=${CMAKE_PREFIX_PATH}:/opt/ros/jazzy /usr/bin/cmake --install /home/cinek/forklift_bot_description/build/forklift_bot_description
