-- Found ament_cmake: 2.5.3 (/opt/ros/jazzy/share/ament_cmake/cmake)
-- Override CMake install command with custom implementation using symlinks instead of copying resources
-- Found ament_lint_auto: 0.17.2 (/opt/ros/jazzy/share/ament_lint_auto/cmake)
-- Added test 'cppcheck' to perform static code analysis on C / C++ code
-- Configured cppcheck include dirs: 
-- Configured cppcheck exclude dirs and/or files: 
-- Added test 'flake8' to check Python code syntax and style conventions
-- Configured 'flake8' exclude dirs and/or files: 
-- Added test 'lint_cmake' to check CMake code style
-- Added test 'pep257' to check Python code against some of the docstring style conventions in PEP 257
-- Added test 'uncrustify' to check C / C++ code style
-- Configured uncrustify additional arguments: 
-- Added test 'xmllint' to check XML markup files
-- Configuring done (0.5s)
-- Generating done (0.0s)
-- Build files have been written to: /home/cinek/forklift_bot_description/build/forklift_bot_description
-- Install configuration: ""
-- Execute custom install script
-- Up-to-date symlink: /home/cinek/forklift_bot_description/install/forklift_bot_description/share/forklift_bot_description/include/forklift_bot_description/forklift.sdf
-- Up-to-date symlink: /home/cinek/forklift_bot_description/install/forklift_bot_description/share/forklift_bot_description/include/forklift_bot_description/forklift.urdf
-- Up-to-date symlink: /home/cinek/forklift_bot_description/install/forklift_bot_description/share/forklift_bot_description/launch/display.launch.py
-- Up-to-date symlink: /home/cinek/forklift_bot_description/install/forklift_bot_description/share/forklift_bot_description/launch/display.launch.py:Zone.Identifier
-- Up-to-date symlink: /home/cinek/forklift_bot_description/install/forklift_bot_description/share/forklift_bot_description/rviz/forklift.rviz
-- Up-to-date symlink: /home/cinek/forklift_bot_description/install/forklift_bot_description/share/forklift_bot_description/world/forklift_world.sdf
-- Up-to-date symlink: /home/cinek/forklift_bot_description/install/forklift_bot_description/share/forklift_bot_description/world/my_world.sdf:Zone.Identifier
-- Symlinking: /home/cinek/forklift_bot_description/install/forklift_bot_description/share/forklift_bot_description/config/forklift_bridge_config.yaml
-- Up-to-date symlink: /home/cinek/forklift_bot_description/install/forklift_bot_description/share/ament_index/resource_index/package_run_dependencies/forklift_bot_description
-- Up-to-date symlink: /home/cinek/forklift_bot_description/install/forklift_bot_description/share/ament_index/resource_index/parent_prefix_path/forklift_bot_description
-- Up-to-date symlink: /home/cinek/forklift_bot_description/install/forklift_bot_description/share/forklift_bot_description/environment/ament_prefix_path.sh
-- Up-to-date symlink: /home/cinek/forklift_bot_description/install/forklift_bot_description/share/forklift_bot_description/environment/ament_prefix_path.dsv
-- Up-to-date symlink: /home/cinek/forklift_bot_description/install/forklift_bot_description/share/forklift_bot_description/environment/path.sh
-- Up-to-date symlink: /home/cinek/forklift_bot_description/install/forklift_bot_description/share/forklift_bot_description/environment/path.dsv
-- Up-to-date symlink: /home/cinek/forklift_bot_description/install/forklift_bot_description/share/forklift_bot_description/local_setup.bash
-- Up-to-date symlink: /home/cinek/forklift_bot_description/install/forklift_bot_description/share/forklift_bot_description/local_setup.sh
-- Up-to-date symlink: /home/cinek/forklift_bot_description/install/forklift_bot_description/share/forklift_bot_description/local_setup.zsh
-- Up-to-date symlink: /home/cinek/forklift_bot_description/install/forklift_bot_description/share/forklift_bot_description/local_setup.dsv
-- Symlinking: /home/cinek/forklift_bot_description/install/forklift_bot_description/share/forklift_bot_description/package.dsv
-- Up-to-date symlink: /home/cinek/forklift_bot_description/install/forklift_bot_description/share/ament_index/resource_index/packages/forklift_bot_description
-- Up-to-date symlink: /home/cinek/forklift_bot_description/install/forklift_bot_description/share/forklift_bot_description/cmake/forklift_bot_descriptionConfig.cmake
-- Up-to-date symlink: /home/cinek/forklift_bot_description/install/forklift_bot_description/share/forklift_bot_description/cmake/forklift_bot_descriptionConfig-version.cmake
-- Up-to-date symlink: /home/cinek/forklift_bot_description/install/forklift_bot_description/share/forklift_bot_description/package.xml
