[0.009s] Invoking command in '/home/cinek/forklift_bot_description/build/forklift_bot_description': CMAKE_PREFIX_PATH=${CMAKE_PREFIX_PATH}:/opt/ros/jazzy /usr/bin/cmake --build /home/cinek/forklift_bot_description/build/forklift_bot_description -- -j16 -l16
[0.043s] Invoked command in '/home/cinek/forklift_bot_description/build/forklift_bot_description' returned '0': CMAKE_PREFIX_PATH=${CMAKE_PREFIX_PATH}:/opt/ros/jazzy /usr/bin/cmake --build /home/cinek/forklift_bot_description/build/forklift_bot_description -- -j16 -l16
[0.055s] Invoking command in '/home/cinek/forklift_bot_description/build/forklift_bot_description': CMAKE_PREFIX_PATH=${CMAKE_PREFIX_PATH}:/opt/ros/jazzy /usr/bin/cmake --install /home/cinek/forklift_bot_description/build/forklift_bot_description
[0.064s] -- Install configuration: ""
[0.064s] -- Execute custom install script
[0.065s] -- Up-to-date symlink: /home/cinek/forklift_bot_description/install/forklift_bot_description/share/forklift_bot_description/include/forklift_bot_description/forklift.sdf
[0.066s] -- Up-to-date symlink: /home/cinek/forklift_bot_description/install/forklift_bot_description/share/forklift_bot_description/include/forklift_bot_description/forklift.urdf
[0.066s] -- Up-to-date symlink: /home/cinek/forklift_bot_description/install/forklift_bot_description/share/forklift_bot_description/launch/display.launch.py
[0.066s] -- Up-to-date symlink: /home/cinek/forklift_bot_description/install/forklift_bot_description/share/forklift_bot_description/launch/display.launch.py:Zone.Identifier
[0.066s] -- Up-to-date symlink: /home/cinek/forklift_bot_description/install/forklift_bot_description/share/forklift_bot_description/rviz/forklift.rviz
[0.067s] -- Up-to-date symlink: /home/cinek/forklift_bot_description/install/forklift_bot_description/share/forklift_bot_description/world/forklift_world.sdf
[0.067s] -- Up-to-date symlink: /home/cinek/forklift_bot_description/install/forklift_bot_description/share/forklift_bot_description/world/my_world.sdf:Zone.Identifier
[0.067s] -- Up-to-date symlink: /home/cinek/forklift_bot_description/install/forklift_bot_description/share/ament_index/resource_index/package_run_dependencies/forklift_bot_description
[0.068s] -- Up-to-date symlink: /home/cinek/forklift_bot_description/install/forklift_bot_description/share/ament_index/resource_index/parent_prefix_path/forklift_bot_description
[0.068s] -- Up-to-date symlink: /home/cinek/forklift_bot_description/install/forklift_bot_description/share/forklift_bot_description/environment/ament_prefix_path.sh
[0.068s] -- Up-to-date symlink: /home/cinek/forklift_bot_description/install/forklift_bot_description/share/forklift_bot_description/environment/ament_prefix_path.dsv
[0.068s] -- Up-to-date symlink: /home/cinek/forklift_bot_description/install/forklift_bot_description/share/forklift_bot_description/environment/path.sh
[0.069s] -- Up-to-date symlink: /home/cinek/forklift_bot_description/install/forklift_bot_description/share/forklift_bot_description/environment/path.dsv
[0.069s] -- Up-to-date symlink: /home/cinek/forklift_bot_description/install/forklift_bot_description/share/forklift_bot_description/local_setup.bash
[0.069s] -- Up-to-date symlink: /home/cinek/forklift_bot_description/install/forklift_bot_description/share/forklift_bot_description/local_setup.sh
[0.069s] -- Up-to-date symlink: /home/cinek/forklift_bot_description/install/forklift_bot_description/share/forklift_bot_description/local_setup.zsh
[0.069s] -- Up-to-date symlink: /home/cinek/forklift_bot_description/install/forklift_bot_description/share/forklift_bot_description/local_setup.dsv
[0.069s] -- Symlinking: /home/cinek/forklift_bot_description/install/forklift_bot_description/share/forklift_bot_description/package.dsv
[0.076s] -- Up-to-date symlink: /home/cinek/forklift_bot_description/install/forklift_bot_description/share/ament_index/resource_index/packages/forklift_bot_description
[0.076s] -- Up-to-date symlink: /home/cinek/forklift_bot_description/install/forklift_bot_description/share/forklift_bot_description/cmake/forklift_bot_descriptionConfig.cmake
[0.076s] -- Up-to-date symlink: /home/cinek/forklift_bot_description/install/forklift_bot_description/share/forklift_bot_description/cmake/forklift_bot_descriptionConfig-version.cmake
[0.077s] -- Up-to-date symlink: /home/cinek/forklift_bot_description/install/forklift_bot_description/share/forklift_bot_description/package.xml
[0.078s] Invoked command in '/home/cinek/forklift_bot_description/build/forklift_bot_description' returned '0': CMAKE_PREFIX_PATH=${CMAKE_PREFIX_PATH}:/opt/ros/jazzy /usr/bin/cmake --install /home/cinek/forklift_bot_description/build/forklift_bot_description
