[0.365s] DEBUG:colcon:Command line arguments: ['/usr/bin/colcon', 'build']
[0.365s] DEBUG:colcon:Parsed command line arguments: Namespace(log_base=None, log_level=None, verb_name='build', build_base='build', install_base='install', merge_install=False, symlink_install=False, test_result_base=None, continue_on_error=False, executor='parallel', parallel_workers=16, event_handlers=None, ignore_user_meta=False, metas=['./colcon.meta'], base_paths=['.'], packages_ignore=None, packages_ignore_regex=None, paths=None, packages_up_to=None, packages_up_to_regex=None, packages_above=None, packages_above_and_dependencies=None, packages_above_depth=None, packages_select_by_dep=None, packages_skip_by_dep=None, packages_skip_up_to=None, packages_select_build_failed=False, packages_skip_build_finished=False, packages_select_test_failures=False, packages_skip_test_passed=False, packages_select=None, packages_skip=None, packages_select_regex=None, packages_skip_regex=None, packages_start=None, packages_end=None, allow_overriding=[], cmake_args=None, cmake_target=None, cmake_target_skip_unavailable=False, cmake_clean_cache=False, cmake_clean_first=False, cmake_force_configure=False, ament_cmake_args=None, catkin_cmake_args=None, catkin_skip_building_tests=False, mixin_files=None, mixin=None, verb_parser=<colcon_mixin.mixin.mixin_argument.MixinArgumentDecorator object at 0x7ff800fcdc40>, verb_extension=<colcon_core.verb.build.BuildVerb object at 0x7ff801132210>, main=<bound method BuildVerb.main of <colcon_core.verb.build.BuildVerb object at 0x7ff801132210>>, mixin_verb=('build',))
[0.418s] Level 1:colcon.colcon_core.package_discovery:discover_packages(colcon_meta) check parameters
[0.418s] Level 1:colcon.colcon_core.package_discovery:discover_packages(recursive) check parameters
[0.418s] Level 1:colcon.colcon_core.package_discovery:discover_packages(ignore) check parameters
[0.418s] Level 1:colcon.colcon_core.package_discovery:discover_packages(path) check parameters
[0.418s] Level 1:colcon.colcon_core.package_discovery:discover_packages(colcon_meta) discover
[0.418s] Level 1:colcon.colcon_core.package_discovery:discover_packages(recursive) discover
[0.418s] INFO:colcon.colcon_core.package_discovery:Crawling recursively for packages in '/home/cinek/forklift_bot_description'
[0.418s] Level 1:colcon.colcon_core.package_identification:_identify(.) by extensions ['ignore', 'ignore_ament_install']
[0.418s] Level 1:colcon.colcon_core.package_identification:_identify(.) by extension 'ignore'
[0.418s] Level 1:colcon.colcon_core.package_identification:_identify(.) by extension 'ignore_ament_install'
[0.418s] Level 1:colcon.colcon_core.package_identification:_identify(.) by extensions ['colcon_pkg']
[0.418s] Level 1:colcon.colcon_core.package_identification:_identify(.) by extension 'colcon_pkg'
[0.418s] Level 1:colcon.colcon_core.package_identification:_identify(.) by extensions ['colcon_meta']
[0.418s] Level 1:colcon.colcon_core.package_identification:_identify(.) by extension 'colcon_meta'
[0.418s] Level 1:colcon.colcon_core.package_identification:_identify(.) by extensions ['ros']
[0.418s] Level 1:colcon.colcon_core.package_identification:_identify(.) by extension 'ros'
[0.443s] DEBUG:colcon.colcon_core.package_identification:Package '.' with type 'ros.ament_cmake' and name 'forklift_bot_description'
[0.443s] Level 1:colcon.colcon_core.package_discovery:discover_packages(recursive) using defaults
[0.443s] Level 1:colcon.colcon_core.package_discovery:discover_packages(ignore) discover
[0.443s] Level 1:colcon.colcon_core.package_discovery:discover_packages(ignore) using defaults
[0.443s] Level 1:colcon.colcon_core.package_discovery:discover_packages(path) discover
[0.443s] Level 1:colcon.colcon_core.package_discovery:discover_packages(path) using defaults
[0.472s] Level 1:colcon.colcon_core.package_discovery:discover_packages(prefix_path) check parameters
[0.472s] Level 1:colcon.colcon_core.package_discovery:discover_packages(prefix_path) discover
[0.477s] DEBUG:colcon.colcon_installed_package_information.package_discovery:Found 381 installed packages in /opt/ros/jazzy
[0.478s] Level 1:colcon.colcon_core.package_discovery:discover_packages(prefix_path) using defaults
[0.587s] Level 5:colcon.colcon_core.verb:set package 'forklift_bot_description' build argument 'cmake_args' from command line to 'None'
[0.587s] Level 5:colcon.colcon_core.verb:set package 'forklift_bot_description' build argument 'cmake_target' from command line to 'None'
[0.587s] Level 5:colcon.colcon_core.verb:set package 'forklift_bot_description' build argument 'cmake_target_skip_unavailable' from command line to 'False'
[0.587s] Level 5:colcon.colcon_core.verb:set package 'forklift_bot_description' build argument 'cmake_clean_cache' from command line to 'False'
[0.587s] Level 5:colcon.colcon_core.verb:set package 'forklift_bot_description' build argument 'cmake_clean_first' from command line to 'False'
[0.587s] Level 5:colcon.colcon_core.verb:set package 'forklift_bot_description' build argument 'cmake_force_configure' from command line to 'False'
[0.587s] Level 5:colcon.colcon_core.verb:set package 'forklift_bot_description' build argument 'ament_cmake_args' from command line to 'None'
[0.587s] Level 5:colcon.colcon_core.verb:set package 'forklift_bot_description' build argument 'catkin_cmake_args' from command line to 'None'
[0.587s] Level 5:colcon.colcon_core.verb:set package 'forklift_bot_description' build argument 'catkin_skip_building_tests' from command line to 'False'
[0.587s] DEBUG:colcon.colcon_core.verb:Building package 'forklift_bot_description' with the following arguments: {'ament_cmake_args': None, 'build_base': '/home/cinek/forklift_bot_description/build/forklift_bot_description', 'catkin_cmake_args': None, 'catkin_skip_building_tests': False, 'cmake_args': None, 'cmake_clean_cache': False, 'cmake_clean_first': False, 'cmake_force_configure': False, 'cmake_target': None, 'cmake_target_skip_unavailable': False, 'install_base': '/home/cinek/forklift_bot_description/install/forklift_bot_description', 'merge_install': False, 'path': '/home/cinek/forklift_bot_description', 'symlink_install': False, 'test_result_base': None}
[0.587s] INFO:colcon.colcon_core.executor:Executing jobs using 'parallel' executor
[0.589s] DEBUG:colcon.colcon_parallel_executor.executor.parallel:run_until_complete
[0.589s] INFO:colcon.colcon_ros.task.ament_cmake.build:Building ROS package in '/home/cinek/forklift_bot_description' with build type 'ament_cmake'
[0.589s] INFO:colcon.colcon_cmake.task.cmake.build:Building CMake package in '/home/cinek/forklift_bot_description'
[0.595s] INFO:colcon.colcon_core.plugin_system:Skipping extension 'colcon_core.shell.bat': Not used on non-Windows systems
[0.595s] INFO:colcon.colcon_core.shell:Skip shell extension 'powershell' for command environment: Not usable outside of PowerShell
[0.595s] DEBUG:colcon.colcon_core.shell:Skip shell extension 'dsv' for command environment
[0.603s] DEBUG:colcon.colcon_core.event_handler.log_command:Invoking command in '/home/cinek/forklift_bot_description/build/forklift_bot_description': CMAKE_PREFIX_PATH=${CMAKE_PREFIX_PATH}:/opt/ros/jazzy /usr/bin/cmake /home/cinek/forklift_bot_description -DCMAKE_INSTALL_PREFIX=/home/cinek/forklift_bot_description/install/forklift_bot_description
[5.829s] DEBUG:colcon.colcon_core.event_handler.log_command:Invoked command in '/home/cinek/forklift_bot_description/build/forklift_bot_description' returned '0': CMAKE_PREFIX_PATH=${CMAKE_PREFIX_PATH}:/opt/ros/jazzy /usr/bin/cmake /home/cinek/forklift_bot_description -DCMAKE_INSTALL_PREFIX=/home/cinek/forklift_bot_description/install/forklift_bot_description
[5.830s] DEBUG:colcon.colcon_core.event_handler.log_command:Invoking command in '/home/cinek/forklift_bot_description/build/forklift_bot_description': CMAKE_PREFIX_PATH=${CMAKE_PREFIX_PATH}:/opt/ros/jazzy /usr/bin/cmake --build /home/cinek/forklift_bot_description/build/forklift_bot_description -- -j16 -l16
[5.862s] DEBUG:colcon.colcon_core.event_handler.log_command:Invoked command in '/home/cinek/forklift_bot_description/build/forklift_bot_description' returned '0': CMAKE_PREFIX_PATH=${CMAKE_PREFIX_PATH}:/opt/ros/jazzy /usr/bin/cmake --build /home/cinek/forklift_bot_description/build/forklift_bot_description -- -j16 -l16
[5.870s] DEBUG:colcon.colcon_core.event_handler.log_command:Invoking command in '/home/cinek/forklift_bot_description/build/forklift_bot_description': CMAKE_PREFIX_PATH=${CMAKE_PREFIX_PATH}:/opt/ros/jazzy /usr/bin/cmake --install /home/cinek/forklift_bot_description/build/forklift_bot_description
[5.882s] Level 1:colcon.colcon_core.environment:create_environment_scripts_only(forklift_bot_description)
[5.883s] DEBUG:colcon.colcon_core.event_handler.log_command:Invoked command in '/home/cinek/forklift_bot_description/build/forklift_bot_description' returned '0': CMAKE_PREFIX_PATH=${CMAKE_PREFIX_PATH}:/opt/ros/jazzy /usr/bin/cmake --install /home/cinek/forklift_bot_description/build/forklift_bot_description
[5.889s] Level 1:colcon.colcon_core.environment:checking '/home/cinek/forklift_bot_description/install/forklift_bot_description' for CMake module files
[5.889s] Level 1:colcon.colcon_core.environment:checking '/home/cinek/forklift_bot_description/install/forklift_bot_description' for CMake config files
[5.889s] Level 1:colcon.colcon_core.shell:create_environment_hook('forklift_bot_description', 'cmake_prefix_path')
[5.889s] INFO:colcon.colcon_core.shell:Creating environment hook '/home/cinek/forklift_bot_description/install/forklift_bot_description/share/forklift_bot_description/hook/cmake_prefix_path.ps1'
[5.890s] INFO:colcon.colcon_core.shell:Creating environment descriptor '/home/cinek/forklift_bot_description/install/forklift_bot_description/share/forklift_bot_description/hook/cmake_prefix_path.dsv'
[5.891s] INFO:colcon.colcon_core.shell:Creating environment hook '/home/cinek/forklift_bot_description/install/forklift_bot_description/share/forklift_bot_description/hook/cmake_prefix_path.sh'
[5.892s] Level 1:colcon.colcon_core.environment:checking '/home/cinek/forklift_bot_description/install/forklift_bot_description/bin'
[5.892s] Level 1:colcon.colcon_core.environment:checking '/home/cinek/forklift_bot_description/install/forklift_bot_description/lib/pkgconfig/forklift_bot_description.pc'
[5.892s] Level 1:colcon.colcon_core.environment:checking '/home/cinek/forklift_bot_description/install/forklift_bot_description/lib/python3.12/site-packages'
[5.892s] Level 1:colcon.colcon_core.environment:checking '/home/cinek/forklift_bot_description/install/forklift_bot_description/bin'
[5.893s] INFO:colcon.colcon_core.shell:Creating package script '/home/cinek/forklift_bot_description/install/forklift_bot_description/share/forklift_bot_description/package.ps1'
[5.893s] INFO:colcon.colcon_core.shell:Creating package descriptor '/home/cinek/forklift_bot_description/install/forklift_bot_description/share/forklift_bot_description/package.dsv'
[5.894s] INFO:colcon.colcon_core.shell:Creating package script '/home/cinek/forklift_bot_description/install/forklift_bot_description/share/forklift_bot_description/package.sh'
[5.895s] INFO:colcon.colcon_core.shell:Creating package script '/home/cinek/forklift_bot_description/install/forklift_bot_description/share/forklift_bot_description/package.bash'
[5.896s] INFO:colcon.colcon_core.shell:Creating package script '/home/cinek/forklift_bot_description/install/forklift_bot_description/share/forklift_bot_description/package.zsh'
[5.897s] Level 1:colcon.colcon_core.environment:create_file_with_runtime_dependencies(/home/cinek/forklift_bot_description/install/forklift_bot_description/share/colcon-core/packages/forklift_bot_description)
[5.897s] Level 1:colcon.colcon_core.environment:create_environment_scripts_only(forklift_bot_description)
[5.897s] Level 1:colcon.colcon_core.environment:checking '/home/cinek/forklift_bot_description/install/forklift_bot_description' for CMake module files
[5.898s] Level 1:colcon.colcon_core.environment:checking '/home/cinek/forklift_bot_description/install/forklift_bot_description' for CMake config files
[5.898s] Level 1:colcon.colcon_core.shell:create_environment_hook('forklift_bot_description', 'cmake_prefix_path')
[5.898s] INFO:colcon.colcon_core.shell:Creating environment hook '/home/cinek/forklift_bot_description/install/forklift_bot_description/share/forklift_bot_description/hook/cmake_prefix_path.ps1'
[5.898s] INFO:colcon.colcon_core.shell:Creating environment descriptor '/home/cinek/forklift_bot_description/install/forklift_bot_description/share/forklift_bot_description/hook/cmake_prefix_path.dsv'
[5.899s] INFO:colcon.colcon_core.shell:Creating environment hook '/home/cinek/forklift_bot_description/install/forklift_bot_description/share/forklift_bot_description/hook/cmake_prefix_path.sh'
[5.899s] Level 1:colcon.colcon_core.environment:checking '/home/cinek/forklift_bot_description/install/forklift_bot_description/bin'
[5.899s] Level 1:colcon.colcon_core.environment:checking '/home/cinek/forklift_bot_description/install/forklift_bot_description/lib/pkgconfig/forklift_bot_description.pc'
[5.899s] Level 1:colcon.colcon_core.environment:checking '/home/cinek/forklift_bot_description/install/forklift_bot_description/lib/python3.12/site-packages'
[5.899s] Level 1:colcon.colcon_core.environment:checking '/home/cinek/forklift_bot_description/install/forklift_bot_description/bin'
[5.899s] INFO:colcon.colcon_core.shell:Creating package script '/home/cinek/forklift_bot_description/install/forklift_bot_description/share/forklift_bot_description/package.ps1'
[5.900s] INFO:colcon.colcon_core.shell:Creating package descriptor '/home/cinek/forklift_bot_description/install/forklift_bot_description/share/forklift_bot_description/package.dsv'
[5.900s] INFO:colcon.colcon_core.shell:Creating package script '/home/cinek/forklift_bot_description/install/forklift_bot_description/share/forklift_bot_description/package.sh'
[5.900s] INFO:colcon.colcon_core.shell:Creating package script '/home/cinek/forklift_bot_description/install/forklift_bot_description/share/forklift_bot_description/package.bash'
[5.901s] INFO:colcon.colcon_core.shell:Creating package script '/home/cinek/forklift_bot_description/install/forklift_bot_description/share/forklift_bot_description/package.zsh'
[5.901s] Level 1:colcon.colcon_core.environment:create_file_with_runtime_dependencies(/home/cinek/forklift_bot_description/install/forklift_bot_description/share/colcon-core/packages/forklift_bot_description)
[5.901s] DEBUG:colcon.colcon_parallel_executor.executor.parallel:closing loop
[5.902s] DEBUG:colcon.colcon_parallel_executor.executor.parallel:loop closed
[5.902s] DEBUG:colcon.colcon_parallel_executor.executor.parallel:run_until_complete finished with '0'
[5.902s] DEBUG:colcon.colcon_core.event_reactor:joining thread
[6.070s] INFO:colcon.colcon_core.plugin_system:Skipping extension 'colcon_notification.desktop_notification.notify_send': Could not find 'notify-send'
[6.070s] INFO:colcon.colcon_core.plugin_system:Skipping extension 'colcon_notification.desktop_notification.terminal_notifier': Not used on non-Darwin systems
[6.070s] INFO:colcon.colcon_core.plugin_system:Skipping extension 'colcon_notification.desktop_notification.win32': Not used on non-Windows systems
[6.070s] INFO:colcon.colcon_notification.desktop_notification:Sending desktop notification using 'notify2'
[6.075s] DEBUG:colcon.colcon_notification.desktop_notification.notify2:Failed to initialize notify2: org.freedesktop.DBus.Error.ServiceUnknown: The name org.freedesktop.Notifications was not provided by any .service files
[6.075s] DEBUG:colcon.colcon_core.event_reactor:joined thread
[6.075s] INFO:colcon.colcon_core.shell:Creating prefix script '/home/cinek/forklift_bot_description/install/local_setup.ps1'
[6.076s] INFO:colcon.colcon_core.shell:Creating prefix util module '/home/cinek/forklift_bot_description/install/_local_setup_util_ps1.py'
[6.077s] INFO:colcon.colcon_core.shell:Creating prefix chain script '/home/cinek/forklift_bot_description/install/setup.ps1'
[6.078s] INFO:colcon.colcon_core.shell:Creating prefix script '/home/cinek/forklift_bot_description/install/local_setup.sh'
[6.079s] INFO:colcon.colcon_core.shell:Creating prefix util module '/home/cinek/forklift_bot_description/install/_local_setup_util_sh.py'
[6.079s] INFO:colcon.colcon_core.shell:Creating prefix chain script '/home/cinek/forklift_bot_description/install/setup.sh'
[6.080s] INFO:colcon.colcon_core.shell:Creating prefix script '/home/cinek/forklift_bot_description/install/local_setup.bash'
[6.081s] INFO:colcon.colcon_core.shell:Creating prefix chain script '/home/cinek/forklift_bot_description/install/setup.bash'
[6.082s] INFO:colcon.colcon_core.shell:Creating prefix script '/home/cinek/forklift_bot_description/install/local_setup.zsh'
[6.082s] INFO:colcon.colcon_core.shell:Creating prefix chain script '/home/cinek/forklift_bot_description/install/setup.zsh'
