[0.789s] DEBUG:colcon:Command line arguments: ['/usr/bin/colcon', 'build', '--symlink-install']
[0.789s] DEBUG:colcon:Parsed command line arguments: Namespace(log_base=None, log_level=None, verb_name='build', build_base='build', install_base='install', merge_install=False, symlink_install=True, test_result_base=None, continue_on_error=False, executor='parallel', parallel_workers=16, event_handlers=None, ignore_user_meta=False, metas=['./colcon.meta'], base_paths=['.'], packages_ignore=None, packages_ignore_regex=None, paths=None, packages_up_to=None, packages_up_to_regex=None, packages_above=None, packages_above_and_dependencies=None, packages_above_depth=None, packages_select_by_dep=None, packages_skip_by_dep=None, packages_skip_up_to=None, packages_select_build_failed=False, packages_skip_build_finished=False, packages_select_test_failures=False, packages_skip_test_passed=False, packages_select=None, packages_skip=None, packages_select_regex=None, packages_skip_regex=None, packages_start=None, packages_end=None, allow_overriding=[], cmake_args=None, cmake_target=None, cmake_target_skip_unavailable=False, cmake_clean_cache=False, cmake_clean_first=False, cmake_force_configure=False, ament_cmake_args=None, catkin_cmake_args=None, catkin_skip_building_tests=False, mixin_files=None, mixin=None, verb_parser=<colcon_mixin.mixin.mixin_argument.MixinArgumentDecorator object at 0x7f2511455d30>, verb_extension=<colcon_core.verb.build.BuildVerb object at 0x7f251169f980>, main=<bound method BuildVerb.main of <colcon_core.verb.build.BuildVerb object at 0x7f251169f980>>, mixin_verb=('build',))
[0.823s] Level 1:colcon.colcon_core.package_discovery:discover_packages(colcon_meta) check parameters
[0.823s] Level 1:colcon.colcon_core.package_discovery:discover_packages(recursive) check parameters
[0.823s] Level 1:colcon.colcon_core.package_discovery:discover_packages(ignore) check parameters
[0.823s] Level 1:colcon.colcon_core.package_discovery:discover_packages(path) check parameters
[0.823s] Level 1:colcon.colcon_core.package_discovery:discover_packages(colcon_meta) discover
[0.823s] Level 1:colcon.colcon_core.package_discovery:discover_packages(recursive) discover
[0.823s] INFO:colcon.colcon_core.package_discovery:Crawling recursively for packages in '/home/cinek/forklift_bot_description'
[0.823s] Level 1:colcon.colcon_core.package_identification:_identify(.) by extensions ['ignore', 'ignore_ament_install']
[0.823s] Level 1:colcon.colcon_core.package_identification:_identify(.) by extension 'ignore'
[0.823s] Level 1:colcon.colcon_core.package_identification:_identify(.) by extension 'ignore_ament_install'
[0.823s] Level 1:colcon.colcon_core.package_identification:_identify(.) by extensions ['colcon_pkg']
[0.823s] Level 1:colcon.colcon_core.package_identification:_identify(.) by extension 'colcon_pkg'
[0.823s] Level 1:colcon.colcon_core.package_identification:_identify(.) by extensions ['colcon_meta']
[0.823s] Level 1:colcon.colcon_core.package_identification:_identify(.) by extension 'colcon_meta'
[0.823s] Level 1:colcon.colcon_core.package_identification:_identify(.) by extensions ['ros']
[0.823s] Level 1:colcon.colcon_core.package_identification:_identify(.) by extension 'ros'
[0.847s] DEBUG:colcon.colcon_core.package_identification:Package '.' with type 'ros.ament_cmake' and name 'forklift_bot_description'
[0.847s] Level 1:colcon.colcon_core.package_discovery:discover_packages(recursive) using defaults
[0.847s] Level 1:colcon.colcon_core.package_discovery:discover_packages(ignore) discover
[0.847s] Level 1:colcon.colcon_core.package_discovery:discover_packages(ignore) using defaults
[0.847s] Level 1:colcon.colcon_core.package_discovery:discover_packages(path) discover
[0.847s] Level 1:colcon.colcon_core.package_discovery:discover_packages(path) using defaults
[0.861s] Level 1:colcon.colcon_core.package_discovery:discover_packages(prefix_path) check parameters
[0.861s] Level 1:colcon.colcon_core.package_discovery:discover_packages(prefix_path) discover
[0.863s] DEBUG:colcon.colcon_installed_package_information.package_discovery:Found 1 installed packages in /home/cinek/forklift_bot_description/install
[0.864s] DEBUG:colcon.colcon_installed_package_information.package_discovery:Found 381 installed packages in /opt/ros/jazzy
[0.865s] Level 1:colcon.colcon_core.package_discovery:discover_packages(prefix_path) using defaults
[0.901s] Level 5:colcon.colcon_core.verb:set package 'forklift_bot_description' build argument 'cmake_args' from command line to 'None'
[0.901s] Level 5:colcon.colcon_core.verb:set package 'forklift_bot_description' build argument 'cmake_target' from command line to 'None'
[0.901s] Level 5:colcon.colcon_core.verb:set package 'forklift_bot_description' build argument 'cmake_target_skip_unavailable' from command line to 'False'
[0.901s] Level 5:colcon.colcon_core.verb:set package 'forklift_bot_description' build argument 'cmake_clean_cache' from command line to 'False'
[0.901s] Level 5:colcon.colcon_core.verb:set package 'forklift_bot_description' build argument 'cmake_clean_first' from command line to 'False'
[0.901s] Level 5:colcon.colcon_core.verb:set package 'forklift_bot_description' build argument 'cmake_force_configure' from command line to 'False'
[0.901s] Level 5:colcon.colcon_core.verb:set package 'forklift_bot_description' build argument 'ament_cmake_args' from command line to 'None'
[0.901s] Level 5:colcon.colcon_core.verb:set package 'forklift_bot_description' build argument 'catkin_cmake_args' from command line to 'None'
[0.901s] Level 5:colcon.colcon_core.verb:set package 'forklift_bot_description' build argument 'catkin_skip_building_tests' from command line to 'False'
[0.901s] DEBUG:colcon.colcon_core.verb:Building package 'forklift_bot_description' with the following arguments: {'ament_cmake_args': None, 'build_base': '/home/cinek/forklift_bot_description/build/forklift_bot_description', 'catkin_cmake_args': None, 'catkin_skip_building_tests': False, 'cmake_args': None, 'cmake_clean_cache': False, 'cmake_clean_first': False, 'cmake_force_configure': False, 'cmake_target': None, 'cmake_target_skip_unavailable': False, 'install_base': '/home/cinek/forklift_bot_description/install/forklift_bot_description', 'merge_install': False, 'path': '/home/cinek/forklift_bot_description', 'symlink_install': True, 'test_result_base': None}
[0.901s] INFO:colcon.colcon_core.executor:Executing jobs using 'parallel' executor
[0.902s] DEBUG:colcon.colcon_parallel_executor.executor.parallel:run_until_complete
[0.902s] INFO:colcon.colcon_ros.task.ament_cmake.build:Building ROS package in '/home/cinek/forklift_bot_description' with build type 'ament_cmake'
[0.902s] INFO:colcon.colcon_cmake.task.cmake.build:Building CMake package in '/home/cinek/forklift_bot_description'
[0.904s] INFO:colcon.colcon_core.plugin_system:Skipping extension 'colcon_core.shell.bat': Not used on non-Windows systems
[0.904s] INFO:colcon.colcon_core.shell:Skip shell extension 'powershell' for command environment: Not usable outside of PowerShell
[0.904s] DEBUG:colcon.colcon_core.shell:Skip shell extension 'dsv' for command environment
[0.912s] DEBUG:colcon.colcon_core.event_handler.log_command:Invoking command in '/home/cinek/forklift_bot_description/build/forklift_bot_description': CMAKE_PREFIX_PATH=${CMAKE_PREFIX_PATH}:/opt/ros/jazzy /usr/bin/cmake /home/cinek/forklift_bot_description -DAMENT_CMAKE_SYMLINK_INSTALL=1 -DCMAKE_INSTALL_PREFIX=/home/cinek/forklift_bot_description/install/forklift_bot_description
[1.255s] DEBUG:colcon.colcon_core.event_handler.log_command:Invoked command in '/home/cinek/forklift_bot_description/build/forklift_bot_description' returned '0': CMAKE_PREFIX_PATH=${CMAKE_PREFIX_PATH}:/opt/ros/jazzy /usr/bin/cmake /home/cinek/forklift_bot_description -DAMENT_CMAKE_SYMLINK_INSTALL=1 -DCMAKE_INSTALL_PREFIX=/home/cinek/forklift_bot_description/install/forklift_bot_description
[1.256s] DEBUG:colcon.colcon_core.event_handler.log_command:Invoking command in '/home/cinek/forklift_bot_description/build/forklift_bot_description': CMAKE_PREFIX_PATH=${CMAKE_PREFIX_PATH}:/opt/ros/jazzy /usr/bin/cmake --build /home/cinek/forklift_bot_description/build/forklift_bot_description -- -j16 -l16
[1.286s] DEBUG:colcon.colcon_core.event_handler.log_command:Invoked command in '/home/cinek/forklift_bot_description/build/forklift_bot_description' returned '0': CMAKE_PREFIX_PATH=${CMAKE_PREFIX_PATH}:/opt/ros/jazzy /usr/bin/cmake --build /home/cinek/forklift_bot_description/build/forklift_bot_description -- -j16 -l16
[1.292s] DEBUG:colcon.colcon_core.event_handler.log_command:Invoking command in '/home/cinek/forklift_bot_description/build/forklift_bot_description': CMAKE_PREFIX_PATH=${CMAKE_PREFIX_PATH}:/opt/ros/jazzy /usr/bin/cmake --install /home/cinek/forklift_bot_description/build/forklift_bot_description
[1.419s] Level 1:colcon.colcon_core.environment:create_environment_scripts_only(forklift_bot_description)
[1.420s] DEBUG:colcon.colcon_core.event_handler.log_command:Invoked command in '/home/cinek/forklift_bot_description/build/forklift_bot_description' returned '0': CMAKE_PREFIX_PATH=${CMAKE_PREFIX_PATH}:/opt/ros/jazzy /usr/bin/cmake --install /home/cinek/forklift_bot_description/build/forklift_bot_description
[1.422s] Level 1:colcon.colcon_core.environment:checking '/home/cinek/forklift_bot_description/install/forklift_bot_description' for CMake module files
[1.422s] Level 1:colcon.colcon_core.environment:checking '/home/cinek/forklift_bot_description/install/forklift_bot_description' for CMake config files
[1.423s] Level 1:colcon.colcon_core.shell:create_environment_hook('forklift_bot_description', 'cmake_prefix_path')
[1.423s] INFO:colcon.colcon_core.shell:Creating environment hook '/home/cinek/forklift_bot_description/install/forklift_bot_description/share/forklift_bot_description/hook/cmake_prefix_path.ps1'
[1.423s] INFO:colcon.colcon_core.shell:Creating environment descriptor '/home/cinek/forklift_bot_description/install/forklift_bot_description/share/forklift_bot_description/hook/cmake_prefix_path.dsv'
[1.424s] INFO:colcon.colcon_core.shell:Creating environment hook '/home/cinek/forklift_bot_description/install/forklift_bot_description/share/forklift_bot_description/hook/cmake_prefix_path.sh'
[1.425s] Level 1:colcon.colcon_core.environment:checking '/home/cinek/forklift_bot_description/install/forklift_bot_description/bin'
[1.425s] Level 1:colcon.colcon_core.environment:checking '/home/cinek/forklift_bot_description/install/forklift_bot_description/lib/pkgconfig/forklift_bot_description.pc'
[1.425s] Level 1:colcon.colcon_core.environment:checking '/home/cinek/forklift_bot_description/install/forklift_bot_description/lib/python3.12/site-packages'
[1.425s] Level 1:colcon.colcon_core.environment:checking '/home/cinek/forklift_bot_description/install/forklift_bot_description/bin'
[1.426s] INFO:colcon.colcon_core.shell:Creating package script '/home/cinek/forklift_bot_description/install/forklift_bot_description/share/forklift_bot_description/package.ps1'
[1.426s] INFO:colcon.colcon_core.shell:Creating package descriptor '/home/cinek/forklift_bot_description/install/forklift_bot_description/share/forklift_bot_description/package.dsv'
[1.427s] INFO:colcon.colcon_core.shell:Creating package script '/home/cinek/forklift_bot_description/install/forklift_bot_description/share/forklift_bot_description/package.sh'
[1.428s] INFO:colcon.colcon_core.shell:Creating package script '/home/cinek/forklift_bot_description/install/forklift_bot_description/share/forklift_bot_description/package.bash'
[1.428s] INFO:colcon.colcon_core.shell:Creating package script '/home/cinek/forklift_bot_description/install/forklift_bot_description/share/forklift_bot_description/package.zsh'
[1.429s] Level 1:colcon.colcon_core.environment:create_file_with_runtime_dependencies(/home/cinek/forklift_bot_description/install/forklift_bot_description/share/colcon-core/packages/forklift_bot_description)
[1.430s] Level 1:colcon.colcon_core.environment:create_environment_scripts_only(forklift_bot_description)
[1.430s] Level 1:colcon.colcon_core.environment:checking '/home/cinek/forklift_bot_description/install/forklift_bot_description' for CMake module files
[1.430s] Level 1:colcon.colcon_core.environment:checking '/home/cinek/forklift_bot_description/install/forklift_bot_description' for CMake config files
[1.430s] Level 1:colcon.colcon_core.shell:create_environment_hook('forklift_bot_description', 'cmake_prefix_path')
[1.430s] INFO:colcon.colcon_core.shell:Creating environment hook '/home/cinek/forklift_bot_description/install/forklift_bot_description/share/forklift_bot_description/hook/cmake_prefix_path.ps1'
[1.431s] INFO:colcon.colcon_core.shell:Creating environment descriptor '/home/cinek/forklift_bot_description/install/forklift_bot_description/share/forklift_bot_description/hook/cmake_prefix_path.dsv'
[1.431s] INFO:colcon.colcon_core.shell:Creating environment hook '/home/cinek/forklift_bot_description/install/forklift_bot_description/share/forklift_bot_description/hook/cmake_prefix_path.sh'
[1.431s] Level 1:colcon.colcon_core.environment:checking '/home/cinek/forklift_bot_description/install/forklift_bot_description/bin'
[1.432s] Level 1:colcon.colcon_core.environment:checking '/home/cinek/forklift_bot_description/install/forklift_bot_description/lib/pkgconfig/forklift_bot_description.pc'
[1.432s] Level 1:colcon.colcon_core.environment:checking '/home/cinek/forklift_bot_description/install/forklift_bot_description/lib/python3.12/site-packages'
[1.432s] Level 1:colcon.colcon_core.environment:checking '/home/cinek/forklift_bot_description/install/forklift_bot_description/bin'
[1.432s] INFO:colcon.colcon_core.shell:Creating package script '/home/cinek/forklift_bot_description/install/forklift_bot_description/share/forklift_bot_description/package.ps1'
[1.433s] INFO:colcon.colcon_core.shell:Creating package descriptor '/home/cinek/forklift_bot_description/install/forklift_bot_description/share/forklift_bot_description/package.dsv'
[1.433s] INFO:colcon.colcon_core.shell:Creating package script '/home/cinek/forklift_bot_description/install/forklift_bot_description/share/forklift_bot_description/package.sh'
[1.433s] INFO:colcon.colcon_core.shell:Creating package script '/home/cinek/forklift_bot_description/install/forklift_bot_description/share/forklift_bot_description/package.bash'
[1.434s] INFO:colcon.colcon_core.shell:Creating package script '/home/cinek/forklift_bot_description/install/forklift_bot_description/share/forklift_bot_description/package.zsh'
[1.434s] Level 1:colcon.colcon_core.environment:create_file_with_runtime_dependencies(/home/cinek/forklift_bot_description/install/forklift_bot_description/share/colcon-core/packages/forklift_bot_description)
[1.434s] DEBUG:colcon.colcon_parallel_executor.executor.parallel:closing loop
[1.435s] DEBUG:colcon.colcon_parallel_executor.executor.parallel:loop closed
[1.436s] DEBUG:colcon.colcon_parallel_executor.executor.parallel:run_until_complete finished with '0'
[1.436s] DEBUG:colcon.colcon_core.event_reactor:joining thread
[1.700s] INFO:colcon.colcon_core.plugin_system:Skipping extension 'colcon_notification.desktop_notification.notify_send': Could not find 'notify-send'
[1.701s] INFO:colcon.colcon_core.plugin_system:Skipping extension 'colcon_notification.desktop_notification.terminal_notifier': Not used on non-Darwin systems
[1.701s] INFO:colcon.colcon_core.plugin_system:Skipping extension 'colcon_notification.desktop_notification.win32': Not used on non-Windows systems
[1.701s] INFO:colcon.colcon_notification.desktop_notification:Sending desktop notification using 'notify2'
[1.702s] DEBUG:colcon.colcon_notification.desktop_notification.notify2:Failed to initialize notify2: org.freedesktop.DBus.Error.ServiceUnknown: The name org.freedesktop.Notifications was not provided by any .service files
[1.702s] DEBUG:colcon.colcon_core.event_reactor:joined thread
[1.702s] INFO:colcon.colcon_core.shell:Creating prefix script '/home/cinek/forklift_bot_description/install/local_setup.ps1'
[1.703s] INFO:colcon.colcon_core.shell:Creating prefix util module '/home/cinek/forklift_bot_description/install/_local_setup_util_ps1.py'
[1.703s] INFO:colcon.colcon_core.shell:Creating prefix chain script '/home/cinek/forklift_bot_description/install/setup.ps1'
[1.704s] INFO:colcon.colcon_core.shell:Creating prefix script '/home/cinek/forklift_bot_description/install/local_setup.sh'
[1.704s] INFO:colcon.colcon_core.shell:Creating prefix util module '/home/cinek/forklift_bot_description/install/_local_setup_util_sh.py'
[1.705s] INFO:colcon.colcon_core.shell:Creating prefix chain script '/home/cinek/forklift_bot_description/install/setup.sh'
[1.706s] INFO:colcon.colcon_core.shell:Creating prefix script '/home/cinek/forklift_bot_description/install/local_setup.bash'
[1.706s] INFO:colcon.colcon_core.shell:Creating prefix chain script '/home/cinek/forklift_bot_description/install/setup.bash'
[1.706s] INFO:colcon.colcon_core.shell:Creating prefix script '/home/cinek/forklift_bot_description/install/local_setup.zsh'
[1.707s] INFO:colcon.colcon_core.shell:Creating prefix chain script '/home/cinek/forklift_bot_description/install/setup.zsh'
