[0.660s] DEBUG:colcon:Command line arguments: ['/usr/bin/colcon', 'build']
[0.660s] DEBUG:colcon:Parsed command line arguments: Namespace(log_base=None, log_level=None, verb_name='build', build_base='build', install_base='install', merge_install=False, symlink_install=False, test_result_base=None, continue_on_error=False, executor='parallel', parallel_workers=16, event_handlers=None, ignore_user_meta=False, metas=['./colcon.meta'], base_paths=['.'], packages_ignore=None, packages_ignore_regex=None, paths=None, packages_up_to=None, packages_up_to_regex=None, packages_above=None, packages_above_and_dependencies=None, packages_above_depth=None, packages_select_by_dep=None, packages_skip_by_dep=None, packages_skip_up_to=None, packages_select_build_failed=False, packages_skip_build_finished=False, packages_select_test_failures=False, packages_skip_test_passed=False, packages_select=None, packages_skip=None, packages_select_regex=None, packages_skip_regex=None, packages_start=None, packages_end=None, allow_overriding=[], cmake_args=None, cmake_target=None, cmake_target_skip_unavailable=False, cmake_clean_cache=False, cmake_clean_first=False, cmake_force_configure=False, ament_cmake_args=None, catkin_cmake_args=None, catkin_skip_building_tests=False, mixin_files=None, mixin=None, verb_parser=<colcon_mixin.mixin.mixin_argument.MixinArgumentDecorator object at 0x7fdf1308dcd0>, verb_extension=<colcon_core.verb.build.BuildVerb object at 0x7fdf131f2600>, main=<bound method BuildVerb.main of <colcon_core.verb.build.BuildVerb object at 0x7fdf131f2600>>, mixin_verb=('build',))
[0.691s] Level 1:colcon.colcon_core.package_discovery:discover_packages(colcon_meta) check parameters
[0.691s] Level 1:colcon.colcon_core.package_discovery:discover_packages(recursive) check parameters
[0.691s] Level 1:colcon.colcon_core.package_discovery:discover_packages(ignore) check parameters
[0.691s] Level 1:colcon.colcon_core.package_discovery:discover_packages(path) check parameters
[0.691s] Level 1:colcon.colcon_core.package_discovery:discover_packages(colcon_meta) discover
[0.691s] Level 1:colcon.colcon_core.package_discovery:discover_packages(recursive) discover
[0.691s] INFO:colcon.colcon_core.package_discovery:Crawling recursively for packages in '/home/cinek/forklift_bot_description'
[0.691s] Level 1:colcon.colcon_core.package_identification:_identify(.) by extensions ['ignore', 'ignore_ament_install']
[0.691s] Level 1:colcon.colcon_core.package_identification:_identify(.) by extension 'ignore'
[0.691s] Level 1:colcon.colcon_core.package_identification:_identify(.) by extension 'ignore_ament_install'
[0.691s] Level 1:colcon.colcon_core.package_identification:_identify(.) by extensions ['colcon_pkg']
[0.691s] Level 1:colcon.colcon_core.package_identification:_identify(.) by extension 'colcon_pkg'
[0.691s] Level 1:colcon.colcon_core.package_identification:_identify(.) by extensions ['colcon_meta']
[0.691s] Level 1:colcon.colcon_core.package_identification:_identify(.) by extension 'colcon_meta'
[0.691s] Level 1:colcon.colcon_core.package_identification:_identify(.) by extensions ['ros']
[0.691s] Level 1:colcon.colcon_core.package_identification:_identify(.) by extension 'ros'
[0.715s] DEBUG:colcon.colcon_core.package_identification:Package '.' with type 'ros.ament_cmake' and name 'forklift_bot_description'
[0.715s] Level 1:colcon.colcon_core.package_discovery:discover_packages(recursive) using defaults
[0.715s] Level 1:colcon.colcon_core.package_discovery:discover_packages(ignore) discover
[0.715s] Level 1:colcon.colcon_core.package_discovery:discover_packages(ignore) using defaults
[0.715s] Level 1:colcon.colcon_core.package_discovery:discover_packages(path) discover
[0.715s] Level 1:colcon.colcon_core.package_discovery:discover_packages(path) using defaults
[0.729s] Level 1:colcon.colcon_core.package_discovery:discover_packages(prefix_path) check parameters
[0.729s] Level 1:colcon.colcon_core.package_discovery:discover_packages(prefix_path) discover
[0.730s] DEBUG:colcon.colcon_installed_package_information.package_discovery:Found 1 installed packages in /home/cinek/forklift_bot_description/install
[0.732s] DEBUG:colcon.colcon_installed_package_information.package_discovery:Found 388 installed packages in /opt/ros/jazzy
[0.732s] Level 1:colcon.colcon_core.package_discovery:discover_packages(prefix_path) using defaults
[0.768s] Level 5:colcon.colcon_core.verb:set package 'forklift_bot_description' build argument 'cmake_args' from command line to 'None'
[0.768s] Level 5:colcon.colcon_core.verb:set package 'forklift_bot_description' build argument 'cmake_target' from command line to 'None'
[0.768s] Level 5:colcon.colcon_core.verb:set package 'forklift_bot_description' build argument 'cmake_target_skip_unavailable' from command line to 'False'
[0.769s] Level 5:colcon.colcon_core.verb:set package 'forklift_bot_description' build argument 'cmake_clean_cache' from command line to 'False'
[0.769s] Level 5:colcon.colcon_core.verb:set package 'forklift_bot_description' build argument 'cmake_clean_first' from command line to 'False'
[0.769s] Level 5:colcon.colcon_core.verb:set package 'forklift_bot_description' build argument 'cmake_force_configure' from command line to 'False'
[0.769s] Level 5:colcon.colcon_core.verb:set package 'forklift_bot_description' build argument 'ament_cmake_args' from command line to 'None'
[0.769s] Level 5:colcon.colcon_core.verb:set package 'forklift_bot_description' build argument 'catkin_cmake_args' from command line to 'None'
[0.769s] Level 5:colcon.colcon_core.verb:set package 'forklift_bot_description' build argument 'catkin_skip_building_tests' from command line to 'False'
[0.769s] DEBUG:colcon.colcon_core.verb:Building package 'forklift_bot_description' with the following arguments: {'ament_cmake_args': None, 'build_base': '/home/cinek/forklift_bot_description/build/forklift_bot_description', 'catkin_cmake_args': None, 'catkin_skip_building_tests': False, 'cmake_args': None, 'cmake_clean_cache': False, 'cmake_clean_first': False, 'cmake_force_configure': False, 'cmake_target': None, 'cmake_target_skip_unavailable': False, 'install_base': '/home/cinek/forklift_bot_description/install/forklift_bot_description', 'merge_install': False, 'path': '/home/cinek/forklift_bot_description', 'symlink_install': False, 'test_result_base': None}
[0.769s] INFO:colcon.colcon_core.executor:Executing jobs using 'parallel' executor
[0.770s] DEBUG:colcon.colcon_parallel_executor.executor.parallel:run_until_complete
[0.770s] INFO:colcon.colcon_ros.task.ament_cmake.build:Building ROS package in '/home/cinek/forklift_bot_description' with build type 'ament_cmake'
[0.770s] INFO:colcon.colcon_cmake.task.cmake.build:Building CMake package in '/home/cinek/forklift_bot_description'
[0.772s] INFO:colcon.colcon_core.plugin_system:Skipping extension 'colcon_core.shell.bat': Not used on non-Windows systems
[0.772s] INFO:colcon.colcon_core.shell:Skip shell extension 'powershell' for command environment: Not usable outside of PowerShell
[0.772s] DEBUG:colcon.colcon_core.shell:Skip shell extension 'dsv' for command environment
[0.779s] DEBUG:colcon.colcon_core.event_handler.log_command:Invoking command in '/home/cinek/forklift_bot_description/build/forklift_bot_description': CMAKE_PREFIX_PATH=${CMAKE_PREFIX_PATH}:/opt/ros/jazzy /usr/bin/cmake --build /home/cinek/forklift_bot_description/build/forklift_bot_description -- -j16 -l16
[0.807s] DEBUG:colcon.colcon_core.event_handler.log_command:Invoked command in '/home/cinek/forklift_bot_description/build/forklift_bot_description' returned '0': CMAKE_PREFIX_PATH=${CMAKE_PREFIX_PATH}:/opt/ros/jazzy /usr/bin/cmake --build /home/cinek/forklift_bot_description/build/forklift_bot_description -- -j16 -l16
[0.814s] DEBUG:colcon.colcon_core.event_handler.log_command:Invoking command in '/home/cinek/forklift_bot_description/build/forklift_bot_description': CMAKE_PREFIX_PATH=${CMAKE_PREFIX_PATH}:/opt/ros/jazzy /usr/bin/cmake --install /home/cinek/forklift_bot_description/build/forklift_bot_description
[0.829s] Level 1:colcon.colcon_core.environment:create_environment_scripts_only(forklift_bot_description)
[0.830s] DEBUG:colcon.colcon_core.event_handler.log_command:Invoked command in '/home/cinek/forklift_bot_description/build/forklift_bot_description' returned '0': CMAKE_PREFIX_PATH=${CMAKE_PREFIX_PATH}:/opt/ros/jazzy /usr/bin/cmake --install /home/cinek/forklift_bot_description/build/forklift_bot_description
[0.831s] Level 1:colcon.colcon_core.environment:checking '/home/cinek/forklift_bot_description/install/forklift_bot_description' for CMake module files
[0.832s] Level 1:colcon.colcon_core.environment:checking '/home/cinek/forklift_bot_description/install/forklift_bot_description' for CMake config files
[0.832s] Level 1:colcon.colcon_core.shell:create_environment_hook('forklift_bot_description', 'cmake_prefix_path')
[0.832s] INFO:colcon.colcon_core.shell:Creating environment hook '/home/cinek/forklift_bot_description/install/forklift_bot_description/share/forklift_bot_description/hook/cmake_prefix_path.ps1'
[0.833s] INFO:colcon.colcon_core.shell:Creating environment descriptor '/home/cinek/forklift_bot_description/install/forklift_bot_description/share/forklift_bot_description/hook/cmake_prefix_path.dsv'
[0.833s] INFO:colcon.colcon_core.shell:Creating environment hook '/home/cinek/forklift_bot_description/install/forklift_bot_description/share/forklift_bot_description/hook/cmake_prefix_path.sh'
[0.834s] Level 1:colcon.colcon_core.environment:checking '/home/cinek/forklift_bot_description/install/forklift_bot_description/bin'
[0.834s] Level 1:colcon.colcon_core.environment:checking '/home/cinek/forklift_bot_description/install/forklift_bot_description/lib/pkgconfig/forklift_bot_description.pc'
[0.834s] Level 1:colcon.colcon_core.environment:checking '/home/cinek/forklift_bot_description/install/forklift_bot_description/lib/python3.12/site-packages'
[0.834s] Level 1:colcon.colcon_core.environment:checking '/home/cinek/forklift_bot_description/install/forklift_bot_description/bin'
[0.834s] INFO:colcon.colcon_core.shell:Creating package script '/home/cinek/forklift_bot_description/install/forklift_bot_description/share/forklift_bot_description/package.ps1'
[0.835s] INFO:colcon.colcon_core.shell:Creating package descriptor '/home/cinek/forklift_bot_description/install/forklift_bot_description/share/forklift_bot_description/package.dsv'
[0.835s] INFO:colcon.colcon_core.shell:Creating package script '/home/cinek/forklift_bot_description/install/forklift_bot_description/share/forklift_bot_description/package.sh'
[0.835s] INFO:colcon.colcon_core.shell:Creating package script '/home/cinek/forklift_bot_description/install/forklift_bot_description/share/forklift_bot_description/package.bash'
[0.836s] INFO:colcon.colcon_core.shell:Creating package script '/home/cinek/forklift_bot_description/install/forklift_bot_description/share/forklift_bot_description/package.zsh'
[0.836s] Level 1:colcon.colcon_core.environment:create_file_with_runtime_dependencies(/home/cinek/forklift_bot_description/install/forklift_bot_description/share/colcon-core/packages/forklift_bot_description)
[0.837s] Level 1:colcon.colcon_core.environment:create_environment_scripts_only(forklift_bot_description)
[0.837s] Level 1:colcon.colcon_core.environment:checking '/home/cinek/forklift_bot_description/install/forklift_bot_description' for CMake module files
[0.837s] Level 1:colcon.colcon_core.environment:checking '/home/cinek/forklift_bot_description/install/forklift_bot_description' for CMake config files
[0.837s] Level 1:colcon.colcon_core.shell:create_environment_hook('forklift_bot_description', 'cmake_prefix_path')
[0.837s] INFO:colcon.colcon_core.shell:Creating environment hook '/home/cinek/forklift_bot_description/install/forklift_bot_description/share/forklift_bot_description/hook/cmake_prefix_path.ps1'
[0.838s] INFO:colcon.colcon_core.shell:Creating environment descriptor '/home/cinek/forklift_bot_description/install/forklift_bot_description/share/forklift_bot_description/hook/cmake_prefix_path.dsv'
[0.838s] INFO:colcon.colcon_core.shell:Creating environment hook '/home/cinek/forklift_bot_description/install/forklift_bot_description/share/forklift_bot_description/hook/cmake_prefix_path.sh'
[0.839s] Level 1:colcon.colcon_core.environment:checking '/home/cinek/forklift_bot_description/install/forklift_bot_description/bin'
[0.839s] Level 1:colcon.colcon_core.environment:checking '/home/cinek/forklift_bot_description/install/forklift_bot_description/lib/pkgconfig/forklift_bot_description.pc'
[0.839s] Level 1:colcon.colcon_core.environment:checking '/home/cinek/forklift_bot_description/install/forklift_bot_description/lib/python3.12/site-packages'
[0.839s] Level 1:colcon.colcon_core.environment:checking '/home/cinek/forklift_bot_description/install/forklift_bot_description/bin'
[0.839s] INFO:colcon.colcon_core.shell:Creating package script '/home/cinek/forklift_bot_description/install/forklift_bot_description/share/forklift_bot_description/package.ps1'
[0.840s] INFO:colcon.colcon_core.shell:Creating package descriptor '/home/cinek/forklift_bot_description/install/forklift_bot_description/share/forklift_bot_description/package.dsv'
[0.840s] INFO:colcon.colcon_core.shell:Creating package script '/home/cinek/forklift_bot_description/install/forklift_bot_description/share/forklift_bot_description/package.sh'
[0.840s] INFO:colcon.colcon_core.shell:Creating package script '/home/cinek/forklift_bot_description/install/forklift_bot_description/share/forklift_bot_description/package.bash'
[0.840s] INFO:colcon.colcon_core.shell:Creating package script '/home/cinek/forklift_bot_description/install/forklift_bot_description/share/forklift_bot_description/package.zsh'
[0.841s] Level 1:colcon.colcon_core.environment:create_file_with_runtime_dependencies(/home/cinek/forklift_bot_description/install/forklift_bot_description/share/colcon-core/packages/forklift_bot_description)
[0.841s] DEBUG:colcon.colcon_parallel_executor.executor.parallel:closing loop
[0.841s] DEBUG:colcon.colcon_parallel_executor.executor.parallel:loop closed
[0.841s] DEBUG:colcon.colcon_parallel_executor.executor.parallel:run_until_complete finished with '0'
[0.841s] DEBUG:colcon.colcon_core.event_reactor:joining thread
[1.477s] INFO:colcon.colcon_core.plugin_system:Skipping extension 'colcon_notification.desktop_notification.notify_send': Could not find 'notify-send'
[1.477s] INFO:colcon.colcon_core.plugin_system:Skipping extension 'colcon_notification.desktop_notification.terminal_notifier': Not used on non-Darwin systems
[1.477s] INFO:colcon.colcon_core.plugin_system:Skipping extension 'colcon_notification.desktop_notification.win32': Not used on non-Windows systems
[1.478s] INFO:colcon.colcon_notification.desktop_notification:Sending desktop notification using 'notify2'
[1.479s] DEBUG:colcon.colcon_notification.desktop_notification.notify2:Failed to initialize notify2: org.freedesktop.DBus.Error.ServiceUnknown: The name org.freedesktop.Notifications was not provided by any .service files
[1.480s] DEBUG:colcon.colcon_core.event_reactor:joined thread
[1.480s] INFO:colcon.colcon_core.shell:Creating prefix script '/home/cinek/forklift_bot_description/install/local_setup.ps1'
[1.481s] INFO:colcon.colcon_core.shell:Creating prefix util module '/home/cinek/forklift_bot_description/install/_local_setup_util_ps1.py'
[1.483s] INFO:colcon.colcon_core.shell:Creating prefix chain script '/home/cinek/forklift_bot_description/install/setup.ps1'
[1.484s] INFO:colcon.colcon_core.shell:Creating prefix script '/home/cinek/forklift_bot_description/install/local_setup.sh'
[1.485s] INFO:colcon.colcon_core.shell:Creating prefix util module '/home/cinek/forklift_bot_description/install/_local_setup_util_sh.py'
[1.486s] INFO:colcon.colcon_core.shell:Creating prefix chain script '/home/cinek/forklift_bot_description/install/setup.sh'
[1.487s] INFO:colcon.colcon_core.shell:Creating prefix script '/home/cinek/forklift_bot_description/install/local_setup.bash'
[1.488s] INFO:colcon.colcon_core.shell:Creating prefix chain script '/home/cinek/forklift_bot_description/install/setup.bash'
[1.490s] INFO:colcon.colcon_core.shell:Creating prefix script '/home/cinek/forklift_bot_description/install/local_setup.zsh'
[1.490s] INFO:colcon.colcon_core.shell:Creating prefix chain script '/home/cinek/forklift_bot_description/install/setup.zsh'
